[debug] [2025-05-04T21:43:06.067Z] ----------------------------------------------------------------------
[debug] [2025-05-04T21:43:06.072Z] Command:       /usr/local/bin/node /opt/homebrew/bin/firebase init functions
[debug] [2025-05-04T21:43:06.072Z] CLI Version:   14.1.0
[debug] [2025-05-04T21:43:06.072Z] Platform:      darwin
[debug] [2025-05-04T21:43:06.072Z] Node Version:  v22.15.0
[debug] [2025-05-04T21:43:06.072Z] Time:          Sun May 04 2025 17:43:06 GMT-0400 (Eastern Daylight Time)
[debug] [2025-05-04T21:43:06.072Z] ----------------------------------------------------------------------
[debug] 
[debug] [2025-05-04T21:43:06.073Z] >>> [apiv2][query] GET https://firebase-public.firebaseio.com/cli.json [none]
[debug] [2025-05-04T21:43:06.170Z] > command requires scopes: ["email","openid","https://www.googleapis.com/auth/cloudplatformprojects.readonly","https://www.googleapis.com/auth/firebase","https://www.googleapis.com/auth/cloud-platform"]
[debug] [2025-05-04T21:43:06.170Z] > authorizing via signed-in user (marketingtrusinova@gmail.com)
[info] 
     ######## #### ########  ######## ########     ###     ######  ########
     ##        ##  ##     ## ##       ##     ##  ##   ##  ##       ##
     ######    ##  ########  ######   ########  #########  ######  ######
     ##        ##  ##    ##  ##       ##     ## ##     ##       ## ##
     ##       #### ##     ## ######## ########  ##     ##  ######  ########

You're about to initialize a Firebase project in this directory:

  /Users/jakubtrusina/Desktop/SwiftfulFirebaseBootcamp

Before we get started, keep in mind:

  * You are initializing within an existing Firebase project directory

[info] 
=== Project Setup
[info] 
[info] First, let's associate this project directory with a Firebase project.
[info] You can create multiple project aliases by running firebase use --add, 
[info] but for now we'll just set up a default project.
[info] 
[debug] [2025-05-04T21:43:06.170Z] Using project from CLI flag: project-770180581993235640
[debug] [2025-05-04T21:43:06.171Z] Checked if tokens are valid: false, expires at: 1745264791558
[debug] [2025-05-04T21:43:06.171Z] Checked if tokens are valid: false, expires at: 1745264791558
[debug] [2025-05-04T21:43:06.171Z] > refreshing access token with scopes: []
[debug] [2025-05-04T21:43:06.171Z] >>> [apiv2][query] POST https://www.googleapis.com/oauth2/v3/token [none]
[debug] [2025-05-04T21:43:06.171Z] >>> [apiv2][body] POST https://www.googleapis.com/oauth2/v3/token [omitted]
[debug] [2025-05-04T21:43:06.309Z] <<< [apiv2][status] GET https://firebase-public.firebaseio.com/cli.json 200
[debug] [2025-05-04T21:43:06.309Z] <<< [apiv2][body] GET https://firebase-public.firebaseio.com/cli.json {"cloudBuildErrorAfter":1594252800000,"cloudBuildWarnAfter":1590019200000,"defaultNode10After":1594252800000,"minVersion":"3.0.5","node8DeploysDisabledAfter":1613390400000,"node8RuntimeDisabledAfter":1615809600000,"node8WarnAfter":1600128000000}
[debug] [2025-05-04T21:43:06.333Z] <<< [apiv2][status] POST https://www.googleapis.com/oauth2/v3/token 200
[debug] [2025-05-04T21:43:06.333Z] <<< [apiv2][body] POST https://www.googleapis.com/oauth2/v3/token [omitted]
[debug] [2025-05-04T21:43:06.346Z] >>> [apiv2][query] GET https://firebase.googleapis.com/v1beta1/projects/project-770180581993235640 [none]
[debug] [2025-05-04T21:43:06.834Z] <<< [apiv2][status] GET https://firebase.googleapis.com/v1beta1/projects/project-770180581993235640 200
[debug] [2025-05-04T21:43:06.834Z] <<< [apiv2][body] GET https://firebase.googleapis.com/v1beta1/projects/project-770180581993235640 {"projectId":"project-770180581993235640","projectNumber":"664667458806","displayName":"0001","name":"projects/project-770180581993235640","resources":{"hostingSite":"project-770180581993235640"},"state":"ACTIVE","etag":"1_653e3277-40ab-4c66-9ff3-bd2a5a0dfa71"}
[info] i  Using project project-770180581993235640 (0001) 
[info] 
=== Functions Setup
[debug] [2025-05-04T21:43:06.841Z] > command requires scopes: ["email","openid","https://www.googleapis.com/auth/cloudplatformprojects.readonly","https://www.googleapis.com/auth/firebase","https://www.googleapis.com/auth/cloud-platform"]
[debug] [2025-05-04T21:43:06.841Z] > authorizing via signed-in user (marketingtrusinova@gmail.com)
[debug] [2025-05-04T21:43:06.841Z] [iam] checking project project-770180581993235640 for permissions ["firebase.projects.get"]
[debug] [2025-05-04T21:43:06.842Z] Checked if tokens are valid: true, expires at: 1746398585333
[debug] [2025-05-04T21:43:06.842Z] Checked if tokens are valid: true, expires at: 1746398585333
[debug] [2025-05-04T21:43:06.842Z] >>> [apiv2][query] POST https://cloudresourcemanager.googleapis.com/v1/projects/project-770180581993235640:testIamPermissions [none]
[debug] [2025-05-04T21:43:06.842Z] >>> [apiv2][(partial)header] POST https://cloudresourcemanager.googleapis.com/v1/projects/project-770180581993235640:testIamPermissions x-goog-quota-user=projects/project-770180581993235640
[debug] [2025-05-04T21:43:06.842Z] >>> [apiv2][body] POST https://cloudresourcemanager.googleapis.com/v1/projects/project-770180581993235640:testIamPermissions {"permissions":["firebase.projects.get"]}
[debug] [2025-05-04T21:43:07.123Z] <<< [apiv2][status] POST https://cloudresourcemanager.googleapis.com/v1/projects/project-770180581993235640:testIamPermissions 200
[debug] [2025-05-04T21:43:07.124Z] <<< [apiv2][body] POST https://cloudresourcemanager.googleapis.com/v1/projects/project-770180581993235640:testIamPermissions {"permissions":["firebase.projects.get"]}
[debug] [2025-05-04T21:43:07.124Z] Checked if tokens are valid: true, expires at: 1746398585333
[debug] [2025-05-04T21:43:07.124Z] Checked if tokens are valid: true, expires at: 1746398585333
[debug] [2025-05-04T21:43:07.124Z] Checked if tokens are valid: true, expires at: 1746398585333
[debug] [2025-05-04T21:43:07.124Z] Checked if tokens are valid: true, expires at: 1746398585333
[debug] [2025-05-04T21:43:07.125Z] >>> [apiv2][query] GET https://serviceusage.googleapis.com/v1/projects/project-770180581993235640/services/cloudfunctions.googleapis.com [none]
[debug] [2025-05-04T21:43:07.125Z] >>> [apiv2][(partial)header] GET https://serviceusage.googleapis.com/v1/projects/project-770180581993235640/services/cloudfunctions.googleapis.com x-goog-quota-user=projects/project-770180581993235640
[debug] [2025-05-04T21:43:07.126Z] >>> [apiv2][query] GET https://serviceusage.googleapis.com/v1/projects/project-770180581993235640/services/runtimeconfig.googleapis.com [none]
[debug] [2025-05-04T21:43:07.126Z] >>> [apiv2][(partial)header] GET https://serviceusage.googleapis.com/v1/projects/project-770180581993235640/services/runtimeconfig.googleapis.com x-goog-quota-user=projects/project-770180581993235640
[debug] [2025-05-04T21:43:07.660Z] <<< [apiv2][status] GET https://serviceusage.googleapis.com/v1/projects/project-770180581993235640/services/runtimeconfig.googleapis.com 200
[debug] [2025-05-04T21:43:07.660Z] <<< [apiv2][body] GET https://serviceusage.googleapis.com/v1/projects/project-770180581993235640/services/runtimeconfig.googleapis.com [omitted]
[debug] [2025-05-04T21:43:07.661Z] <<< [apiv2][status] GET https://serviceusage.googleapis.com/v1/projects/project-770180581993235640/services/cloudfunctions.googleapis.com 200
[debug] [2025-05-04T21:43:07.661Z] <<< [apiv2][body] GET https://serviceusage.googleapis.com/v1/projects/project-770180581993235640/services/cloudfunctions.googleapis.com [omitted]
[info] 
Detected existing codebase(s): default

[info] Let's create a new codebase for your functions.
[info] A directory corresponding to the codebase will be created in your project
[info] with sample code pre-configured.

[info] See https://firebase.google.com/docs/functions/organize-functions for
[info] more information on organizing your functions using codebases.

[info] Functions can be deployed with firebase deploy.

[error] Invalid codebase name. Codebase must be less than 64 characters and can contain only lowercase letters, numeric characters, underscores, and dashes.
[debug] [2025-05-25T18:01:26.995Z] ----------------------------------------------------------------------
[debug] [2025-05-25T18:01:26.999Z] Command:       /usr/local/bin/node /opt/homebrew/bin/firebase init functions
[debug] [2025-05-25T18:01:26.999Z] CLI Version:   14.1.0
[debug] [2025-05-25T18:01:26.999Z] Platform:      darwin
[debug] [2025-05-25T18:01:26.999Z] Node Version:  v22.15.0
[debug] [2025-05-25T18:01:26.999Z] Time:          Sun May 25 2025 14:01:26 GMT-0400 (Eastern Daylight Time)
[debug] [2025-05-25T18:01:27.000Z] ----------------------------------------------------------------------
[debug] 
[debug] [2025-05-25T18:01:27.001Z] >>> [apiv2][query] GET https://firebase-public.firebaseio.com/cli.json [none]
[debug] [2025-05-25T18:01:27.107Z] > command requires scopes: ["email","openid","https://www.googleapis.com/auth/cloudplatformprojects.readonly","https://www.googleapis.com/auth/firebase","https://www.googleapis.com/auth/cloud-platform"]
[debug] [2025-05-25T18:01:27.107Z] > authorizing via signed-in user (marketingtrusinova@gmail.com)
[info] 
     ######## #### ########  ######## ########     ###     ######  ########
     ##        ##  ##     ## ##       ##     ##  ##   ##  ##       ##
     ######    ##  ########  ######   ########  #########  ######  ######
     ##        ##  ##    ##  ##       ##     ## ##     ##       ## ##
     ##       #### ##     ## ######## ########  ##     ##  ######  ########

You're about to initialize a Firebase project in this directory:

  /Users/jakubtrusina/Desktop/SwiftfulFirebaseBootcamp

Before we get started, keep in mind:

  * You are initializing within an existing Firebase project directory

[info] 
=== Project Setup
[info] 
[info] First, let's associate this project directory with a Firebase project.
[info] You can create multiple project aliases by running firebase use --add, 
[info] but for now we'll just set up a default project.
[info] 
[debug] [2025-05-25T18:01:27.108Z] Using project from CLI flag: project-770180581993235640
[debug] [2025-05-25T18:01:27.108Z] Checked if tokens are valid: false, expires at: 1746398585333
[debug] [2025-05-25T18:01:27.108Z] Checked if tokens are valid: false, expires at: 1746398585333
[debug] [2025-05-25T18:01:27.108Z] > refreshing access token with scopes: []
[debug] [2025-05-25T18:01:27.109Z] >>> [apiv2][query] POST https://www.googleapis.com/oauth2/v3/token [none]
[debug] [2025-05-25T18:01:27.109Z] >>> [apiv2][body] POST https://www.googleapis.com/oauth2/v3/token [omitted]
[debug] [2025-05-25T18:01:27.266Z] <<< [apiv2][status] GET https://firebase-public.firebaseio.com/cli.json 200
[debug] [2025-05-25T18:01:27.266Z] <<< [apiv2][body] GET https://firebase-public.firebaseio.com/cli.json {"cloudBuildErrorAfter":1594252800000,"cloudBuildWarnAfter":1590019200000,"defaultNode10After":1594252800000,"minVersion":"3.0.5","node8DeploysDisabledAfter":1613390400000,"node8RuntimeDisabledAfter":1615809600000,"node8WarnAfter":1600128000000}
[debug] [2025-05-25T18:01:27.290Z] <<< [apiv2][status] POST https://www.googleapis.com/oauth2/v3/token 200
[debug] [2025-05-25T18:01:27.290Z] <<< [apiv2][body] POST https://www.googleapis.com/oauth2/v3/token [omitted]
[debug] [2025-05-25T18:01:27.300Z] >>> [apiv2][query] GET https://firebase.googleapis.com/v1beta1/projects/project-770180581993235640 [none]
[debug] [2025-05-25T18:01:27.642Z] <<< [apiv2][status] GET https://firebase.googleapis.com/v1beta1/projects/project-770180581993235640 200
[debug] [2025-05-25T18:01:27.642Z] <<< [apiv2][body] GET https://firebase.googleapis.com/v1beta1/projects/project-770180581993235640 {"projectId":"project-770180581993235640","projectNumber":"664667458806","displayName":"0001","name":"projects/project-770180581993235640","resources":{"hostingSite":"project-770180581993235640"},"state":"ACTIVE","etag":"1_c19631e7-59d5-4c6b-b93e-9ab1b8b962bf"}
[info] i  Using project project-770180581993235640 (0001) 
[info] 
=== Functions Setup
[debug] [2025-05-25T18:01:27.649Z] > command requires scopes: ["email","openid","https://www.googleapis.com/auth/cloudplatformprojects.readonly","https://www.googleapis.com/auth/firebase","https://www.googleapis.com/auth/cloud-platform"]
[debug] [2025-05-25T18:01:27.649Z] > authorizing via signed-in user (marketingtrusinova@gmail.com)
[debug] [2025-05-25T18:01:27.649Z] [iam] checking project project-770180581993235640 for permissions ["firebase.projects.get"]
[debug] [2025-05-25T18:01:27.650Z] Checked if tokens are valid: true, expires at: 1748199686290
[debug] [2025-05-25T18:01:27.650Z] Checked if tokens are valid: true, expires at: 1748199686290
[debug] [2025-05-25T18:01:27.650Z] >>> [apiv2][query] POST https://cloudresourcemanager.googleapis.com/v1/projects/project-770180581993235640:testIamPermissions [none]
[debug] [2025-05-25T18:01:27.650Z] >>> [apiv2][(partial)header] POST https://cloudresourcemanager.googleapis.com/v1/projects/project-770180581993235640:testIamPermissions x-goog-quota-user=projects/project-770180581993235640
[debug] [2025-05-25T18:01:27.650Z] >>> [apiv2][body] POST https://cloudresourcemanager.googleapis.com/v1/projects/project-770180581993235640:testIamPermissions {"permissions":["firebase.projects.get"]}
[debug] [2025-05-25T18:01:27.918Z] <<< [apiv2][status] POST https://cloudresourcemanager.googleapis.com/v1/projects/project-770180581993235640:testIamPermissions 200
[debug] [2025-05-25T18:01:27.918Z] <<< [apiv2][body] POST https://cloudresourcemanager.googleapis.com/v1/projects/project-770180581993235640:testIamPermissions {"permissions":["firebase.projects.get"]}
[debug] [2025-05-25T18:01:27.919Z] Checked if tokens are valid: true, expires at: 1748199686290
[debug] [2025-05-25T18:01:27.919Z] Checked if tokens are valid: true, expires at: 1748199686290
[debug] [2025-05-25T18:01:27.919Z] Checked if tokens are valid: true, expires at: 1748199686290
[debug] [2025-05-25T18:01:27.919Z] Checked if tokens are valid: true, expires at: 1748199686290
[debug] [2025-05-25T18:01:27.920Z] >>> [apiv2][query] GET https://serviceusage.googleapis.com/v1/projects/project-770180581993235640/services/cloudfunctions.googleapis.com [none]
[debug] [2025-05-25T18:01:27.920Z] >>> [apiv2][(partial)header] GET https://serviceusage.googleapis.com/v1/projects/project-770180581993235640/services/cloudfunctions.googleapis.com x-goog-quota-user=projects/project-770180581993235640
[debug] [2025-05-25T18:01:27.921Z] >>> [apiv2][query] GET https://serviceusage.googleapis.com/v1/projects/project-770180581993235640/services/runtimeconfig.googleapis.com [none]
[debug] [2025-05-25T18:01:27.921Z] >>> [apiv2][(partial)header] GET https://serviceusage.googleapis.com/v1/projects/project-770180581993235640/services/runtimeconfig.googleapis.com x-goog-quota-user=projects/project-770180581993235640
[debug] [2025-05-25T18:01:28.597Z] <<< [apiv2][status] GET https://serviceusage.googleapis.com/v1/projects/project-770180581993235640/services/runtimeconfig.googleapis.com 200
[debug] [2025-05-25T18:01:28.597Z] <<< [apiv2][body] GET https://serviceusage.googleapis.com/v1/projects/project-770180581993235640/services/runtimeconfig.googleapis.com [omitted]
[debug] [2025-05-25T18:01:28.598Z] <<< [apiv2][status] GET https://serviceusage.googleapis.com/v1/projects/project-770180581993235640/services/cloudfunctions.googleapis.com 200
[debug] [2025-05-25T18:01:28.598Z] <<< [apiv2][body] GET https://serviceusage.googleapis.com/v1/projects/project-770180581993235640/services/cloudfunctions.googleapis.com [omitted]
[info] 
Detected existing codebase(s): default

[info] Let's create a new codebase for your functions.
[info] A directory corresponding to the codebase will be created in your project
[info] with sample code pre-configured.

[info] See https://firebase.google.com/docs/functions/organize-functions for
[info] more information on organizing your functions using codebases.

[info] Functions can be deployed with firebase deploy.

